a15.hp10.cl100.c12.alpha0.5.ts 15.550030285 0.5
a15.hp10.cl100.c12.alpha1.ts 10.0295653102 1.0
a15.hp10.cl100.c12.alpha1.5.ts 6.11069029727 1.5
a15.hp10.cl100.c12.alpha2.ts 3.96727813393 2.0
a15.hp10.cl100.c12.alpha2.5.ts 2.60948328786 2.5
a15.hp10.cl100.c12.alpha3.ts 1.95157797234 3.0
a15.hp10.cl100.c12.alpha3.5.ts 1.51154477315 3.5
a15.hp10.cl100.c12.alpha4.ts 1.15897709653 4.0
a15.hp10.cl100.c12.alpha4.5.ts 1.00447239071 4.5
a15.hp10.cl100.c12.alpha5.ts 0.731663919156 5.0
a15.hp50.cl100.c12.alpha0.5.ts 16.4850472012 0.5
a15.hp50.cl100.c12.alpha1.ts 10.6628655699 1.0
a15.hp50.cl100.c12.alpha1.5.ts 6.33633693314 1.5
a15.hp50.cl100.c12.alpha2.ts 4.0642642413 2.0
a15.hp50.cl100.c12.alpha2.5.ts 2.86383521171 2.5
a15.hp50.cl100.c12.alpha3.ts 2.18559087301 3.0
a15.hp50.cl100.c12.alpha3.5.ts 1.65380136924 3.5
a15.hp50.cl100.c12.alpha4.ts 1.19180004199 4.0
a15.hp50.cl100.c12.alpha4.5.ts 0.988723547194 4.5
a15.hp50.cl100.c12.alpha5.ts 0.763987853832 5.0
a15.hp90.cl100.c12.alpha0.5.ts 12.5642401303 0.5
a15.hp90.cl100.c12.alpha1.ts 8.07341368371 1.0
a15.hp90.cl100.c12.alpha1.5.ts 4.87615404952 1.5
a15.hp90.cl100.c12.alpha2.ts 3.16659179482 2.0
a15.hp90.cl100.c12.alpha2.5.ts 2.24171896836 2.5
a15.hp90.cl100.c12.alpha3.ts 1.55766912784 3.0
a15.hp90.cl100.c12.alpha3.5.ts 1.15671945086 3.5
a15.hp90.cl100.c12.alpha4.ts 0.903891134419 4.0
a15.hp90.cl100.c12.alpha4.5.ts 0.752407225265 4.5
a15.hp90.cl100.c12.alpha5.ts 0.606829860773 5.0
