a05.hp10.cl100.c12.alpha0.5.ts 22.364803422 0.5
a05.hp10.cl100.c12.alpha1.ts 14.6198574156 1.0
a05.hp10.cl100.c12.alpha1.5.ts 8.28812996227 1.5
a05.hp10.cl100.c12.alpha2.ts 5.64378407842 2.0
a05.hp10.cl100.c12.alpha2.5.ts 3.94331136331 2.5
a05.hp10.cl100.c12.alpha3.ts 2.83229755273 3.0
a05.hp10.cl100.c12.alpha3.5.ts 2.11233438629 3.5
a05.hp10.cl100.c12.alpha4.ts 1.71502332305 4.0
a05.hp10.cl100.c12.alpha4.5.ts 1.36187210533 4.5
a05.hp10.cl100.c12.alpha5.ts 1.09424025474 5.0
a05.hp50.cl100.c12.alpha0.5.ts 13.6542932272 0.5
a05.hp50.cl100.c12.alpha1.ts 8.7727705667 1.0
a05.hp50.cl100.c12.alpha1.5.ts 5.46435185994 1.5
a05.hp50.cl100.c12.alpha2.ts 3.61017297237 2.0
a05.hp50.cl100.c12.alpha2.5.ts 2.28438723692 2.5
a05.hp50.cl100.c12.alpha3.ts 1.75392502733 3.0
a05.hp50.cl100.c12.alpha3.5.ts 1.37458359449 3.5
a05.hp50.cl100.c12.alpha4.ts 1.02257741332 4.0
a05.hp50.cl100.c12.alpha4.5.ts 0.797860086127 4.5
a05.hp50.cl100.c12.alpha5.ts 0.646684688738 5.0
a05.hp90.cl100.c12.alpha0.5.ts 12.2079448645 0.5
a05.hp90.cl100.c12.alpha1.ts 7.4777003259 1.0
a05.hp90.cl100.c12.alpha1.5.ts 4.97940959312 1.5
a05.hp90.cl100.c12.alpha2.ts 3.14108254819 2.0
a05.hp90.cl100.c12.alpha2.5.ts 1.9924894318 2.5
a05.hp90.cl100.c12.alpha3.ts 1.70559953336 3.0
a05.hp90.cl100.c12.alpha3.5.ts 1.21389323882 3.5
a05.hp90.cl100.c12.alpha4.ts 0.910206821867 4.0
a05.hp90.cl100.c12.alpha4.5.ts 0.751576278823 4.5
a05.hp90.cl100.c12.alpha5.ts 0.618459586474 5.0
