a01.hp10.cl100.c12.alpha0.5.ts 6.10402603285 0.5
a01.hp10.cl100.c12.alpha1.ts 3.73566284649 1.0
a01.hp10.cl100.c12.alpha1.5.ts 2.32263552466 1.5
a01.hp10.cl100.c12.alpha2.ts 1.51579983938 2.0
a01.hp10.cl100.c12.alpha2.5.ts 1.05038050549 2.5
a01.hp10.cl100.c12.alpha3.ts 0.791705652272 3.0
a01.hp10.cl100.c12.alpha3.5.ts 0.603916042147 3.5
a01.hp10.cl100.c12.alpha4.ts 0.449368351772 4.0
a01.hp10.cl100.c12.alpha4.5.ts 0.36307804527 4.5
a01.hp10.cl100.c12.alpha5.ts 0.299086665639 5.0
a01.hp50.cl100.c12.alpha0.5.ts 10.995967312 0.5
a01.hp50.cl100.c12.alpha1.ts 6.87901270974 1.0
a01.hp50.cl100.c12.alpha1.5.ts 4.12535949905 1.5
a01.hp50.cl100.c12.alpha2.ts 2.72674262986 2.0
a01.hp50.cl100.c12.alpha2.5.ts 1.85952512593 2.5
a01.hp50.cl100.c12.alpha3.ts 1.39156625839 3.0
a01.hp50.cl100.c12.alpha3.5.ts 1.02426339935 3.5
a01.hp50.cl100.c12.alpha4.ts 0.796016179847 4.0
a01.hp50.cl100.c12.alpha4.5.ts 0.643673398569 4.5
a01.hp50.cl100.c12.alpha5.ts 0.517346194981 5.0
a01.hp90.cl100.c12.alpha0.5.ts 10.3822167208 0.5
a01.hp90.cl100.c12.alpha1.ts 6.56089875072 1.0
a01.hp90.cl100.c12.alpha1.5.ts 3.99153736152 1.5
a01.hp90.cl100.c12.alpha2.ts 2.77269939058 2.0
a01.hp90.cl100.c12.alpha2.5.ts 1.69207677948 2.5
a01.hp90.cl100.c12.alpha3.ts 1.36480665459 3.0
a01.hp90.cl100.c12.alpha3.5.ts 0.959647071166 3.5
a01.hp90.cl100.c12.alpha4.ts 0.774388734894 4.0
a01.hp90.cl100.c12.alpha4.5.ts 0.643274156366 4.5
a01.hp90.cl100.c12.alpha5.ts 0.526568462078 5.0
