a10.hp10.cl100.c12.alpha0.5.ts 20.6064360355 0.5
a10.hp10.cl100.c12.alpha1.ts 13.2209130822 1.0
a10.hp10.cl100.c12.alpha1.5.ts 7.68594437559 1.5
a10.hp10.cl100.c12.alpha2.ts 5.08898491066 2.0
a10.hp10.cl100.c12.alpha2.5.ts 3.47950726787 2.5
a10.hp10.cl100.c12.alpha3.ts 2.60970015371 3.0
a10.hp10.cl100.c12.alpha3.5.ts 1.85698291758 3.5
a10.hp10.cl100.c12.alpha4.ts 1.60592400046 4.0
a10.hp10.cl100.c12.alpha4.5.ts 1.19931760498 4.5
a10.hp10.cl100.c12.alpha5.ts 0.996663664093 5.0
a10.hp50.cl100.c12.alpha0.5.ts 16.4886563696 0.5
a10.hp50.cl100.c12.alpha1.ts 10.2290505165 1.0
a10.hp50.cl100.c12.alpha1.5.ts 6.24598810837 1.5
a10.hp50.cl100.c12.alpha2.ts 3.93646842033 2.0
a10.hp50.cl100.c12.alpha2.5.ts 2.77712940959 2.5
a10.hp50.cl100.c12.alpha3.ts 2.00332734002 3.0
a10.hp50.cl100.c12.alpha3.5.ts 1.58127338632 3.5
a10.hp50.cl100.c12.alpha4.ts 1.19593867129 4.0
a10.hp50.cl100.c12.alpha4.5.ts 0.95716046613 4.5
a10.hp50.cl100.c12.alpha5.ts 0.792583061098 5.0
a10.hp90.cl100.c12.alpha0.5.ts 19.0457169087 0.5
a10.hp90.cl100.c12.alpha1.ts 11.6491174184 1.0
a10.hp90.cl100.c12.alpha1.5.ts 7.05583453808 1.5
a10.hp90.cl100.c12.alpha2.ts 4.67220468706 2.0
a10.hp90.cl100.c12.alpha2.5.ts 3.17988179174 2.5
a10.hp90.cl100.c12.alpha3.ts 2.28048293225 3.0
a10.hp90.cl100.c12.alpha3.5.ts 1.79058962656 3.5
a10.hp90.cl100.c12.alpha4.ts 1.37014938861 4.0
a10.hp90.cl100.c12.alpha4.5.ts 1.06440154356 4.5
a10.hp90.cl100.c12.alpha5.ts 0.921198432099 5.0
