18.9334
18.7457
18.8237
13.7644
13.6762
13.4831
15.094
15.1042
15.1201
18.9334
18.7457
18.8237
13.7644
13.6762
13.4831
15.094
15.1042
15.1042
23.9096
23.9092
23.9096
23.6229
23.6229
23.6233
23.5164
23.5161
23.4368
23.9096
23.9092
23.9096
23.6229
23.6229
23.6246
23.5164
23.6187
23.5469
22.672
22.5261
22.5263
23.202
23.2015
23.592
23.8
23.8064
23.8
22.5343
22.5261
22.5263
23.2041
23.2122
23.4478
23.8
23.8064
23.8
31.582
32.0752
32.077
28.6599
28.6632
28.6632
28.6939
28.0854
28.7911
27.0862
27.0902
27.0862
26.2211
26.3218
26.2202
28.6939
28.0854
28.7911
31.116
31.1162
31.1157
28.0899
28.1008
28.0902
33.1239
33.1242
33.1242
33.1881
33.6912
33.5544
30.4481
30.4561
30.1449
32.8597
33.4397
32.9796
